<?xml version="1.0" encoding="UTF-8"?>
<!-- Generated by org.testng.reporters.JUnitXMLReporter -->
<testsuite ignored="0" hostname="HYHY" failures="0" tests="3" name="Demo" time="14.849" errors="0" timestamp="2023-06-15T20:11:39 ICT">
  <testcase classname="Testcases.ButtonClickTest" name="navigateToButtonPage" time="0.237"/>
  <testcase classname="Testcases.ButtonClickTest" name="check_general_infor" time="1.167"/>
  <testcase classname="Testcases.ButtonClickTest" name="check_thumbnail_sections" time="5.97"/>
</testsuite> <!-- Demo -->
